This is pdfTeX, Version 3.14159265-2.6-1.40.19 (MiKTeX 2.9.6730 64-bit) (preloaded format=pdflatex 2018.7.9)  28 OCT 2018 16:29
entering extended mode
**./main.tex
(main.tex
LaTeX2e <2018-04-01> patch level 5

("C:\Users\ltsam\AppData\Local\Programs\MiKTeX 2.9\tex\latex\abntex2\abntex2.cl
s"
Document Class: abntex2 2016/02/26 v-1.9.6 abnTeX2
("C:\Users\ltsam\AppData\Local\Programs\MiKTeX 2.9\tex\latex\base\ifthen.sty"
Package: ifthen 2014/09/29 v1.1c Standard LaTeX ifthen package (DPC)
)
("C:\Users\ltsam\AppData\Local\Programs\MiKTeX 2.9\tex\latex\memoir\memoir.cls"
Document Class: memoir 2018/04/04 v3.7g configurable book, report, article docu
ment class
\onelineskip=\skip41
\lxvchars=\skip42
\xlvchars=\skip43
\@memcnta=\count80
\c@@memmarkcntra=\count81

("C:\Users\ltsam\AppData\Local\Programs\MiKTeX 2.9\tex\generic\oberdiek\ifpdf.s
ty"
Package: ifpdf 2017/03/15 v3.2 Provides the ifpdf switch
)
("C:\Users\ltsam\AppData\Local\Programs\MiKTeX 2.9\tex\latex\ifetex\ifetex.sty"
Package: ifetex 2018/03/31 v1.2a ifetex
("C:\Users\ltsam\AppData\Local\Programs\MiKTeX 2.9\tex\plain\ifetex\ifetex.tex"
))
("C:\Users\ltsam\AppData\Local\Programs\MiKTeX 2.9\tex\generic\ifxetex\ifxetex.
sty"
Package: ifxetex 2010/09/12 v0.6 Provides ifxetex conditional
)
("C:\Users\ltsam\AppData\Local\Programs\MiKTeX 2.9\tex\generic\oberdiek\ifluate
x.sty"
Package: ifluatex 2016/05/16 v1.4 Provides the ifluatex switch (HO)
Package ifluatex Info: LuaTeX not detected.
)
\stockheight=\skip44
\stockwidth=\skip45
\trimtop=\skip46
\trimedge=\skip47

("C:\Users\ltsam\AppData\Local\Programs\MiKTeX 2.9\tex\latex\memoir\mem12.clo"
File: mem12.clo 2010/10/19 v0.4b memoir class 12pt size option
)
\binding=\skip48
\spinemargin=\skip49
\foremargin=\skip50
\uppermargin=\skip51
\lowermargin=\skip52
\headdrop=\skip53
\normalrulethickness=\skip54
\mem@maxheadheight=\skip55
\mem@maxfootheight=\skip56
\headwidth=\skip57
\c@storedpagenumber=\count82
\memPD=\dimen102
\m@mabparskip=\skip58
\thanksmarkwidth=\skip59
\thanksmarksep=\skip60
\droptitle=\skip61
\c@book=\count83
\c@part=\count84
\c@chapter=\count85
\c@section=\count86
\c@subsection=\count87
\c@subsubsection=\count88
\c@paragraph=\count89
\c@subparagraph=\count90
\beforechapskip=\skip62
\midchapskip=\skip63
\afterchapskip=\skip64
\chapindent=\skip65
\bottomsectionskip=\skip66
\secindent=\skip67
\beforesecskip=\skip68
\aftersecskip=\skip69
\subsecindent=\skip70
\beforesubsecskip=\skip71
\aftersubsecskip=\skip72
\subsubsecindent=\skip73
\beforesubsubsecskip=\skip74
\aftersubsubsecskip=\skip75
\paraindent=\skip76
\beforeparaskip=\skip77
\afterparaskip=\skip78
\subparaindent=\skip79
\beforesubparaskip=\skip80
\aftersubparaskip=\skip81
\pfbreakskip=\skip82
\c@@ppsavesec=\count91
\c@@ppsaveapp=\count92
\ragrparindent=\dimen103
\everylistparindent=\dimen104
\parsepi=\skip83
\topsepi=\skip84
\itemsepi=\skip85
\parsepii=\skip86
\topsepii=\skip87
\topsepiii=\skip88
\itemsepii=\skip89
\itemsepiii=\skip90
\partopsepii=\skip91
\partopsepiii=\skip92
\m@msavetopsep=\skip93
\m@msavepartopsep=\skip94
\@enLab=\toks14
\abstitleskip=\skip95
\absleftindent=\skip96
\abs@leftindent=\dimen105
\absrightindent=\skip97
\absparindent=\skip98
\absparsep=\skip99
\c@vslineno=\count93
\c@poemline=\count94
\c@modulo@vs=\count95
\c@memfvsline=\count96
\vleftskip=\skip100
\vrightskip=\skip101
\stanzaskip=\skip102
\versewidth=\skip103
\vgap=\skip104
\vindent=\skip105
\vleftmargin=\dimen106
\c@verse=\count97
\c@chrsinstr=\count98
\beforepoemtitleskip=\skip106
\afterpoemtitleskip=\skip107
\c@poem=\count99
\beforePoemTitleskip=\skip108
\midPoemTitleskip=\skip109
\afterPoemTitleskip=\skip110
\col@sep=\dimen107
\extrarowheight=\dimen108
\NC@list=\toks15
\extratabsurround=\skip111
\backup@length=\skip112
\TX@col@width=\dimen109
\TX@old@table=\dimen110
\TX@old@col=\dimen111
\TX@target=\dimen112
\TX@delta=\dimen113
\TX@cols=\count100
\TX@ftn=\toks16
\heavyrulewidth=\dimen114
\lightrulewidth=\dimen115
\cmidrulewidth=\dimen116
\belowrulesep=\dimen117
\belowbottomsep=\dimen118
\aboverulesep=\dimen119
\abovetopsep=\dimen120
\cmidrulesep=\dimen121
\cmidrulekern=\dimen122
\defaultaddspace=\dimen123
\@cmidla=\count101
\@cmidlb=\count102
\@aboverulesep=\dimen124
\@belowrulesep=\dimen125
\@thisruleclass=\count103
\@lastruleclass=\count104
\@thisrulewidth=\dimen126
\ctableftskip=\skip113
\ctabrightskip=\skip114
\abovecolumnspenalty=\count105
\@linestogo=\count106
\@cellstogo=\count107
\@cellsincolumn=\count108
\crtok=\toks17
\@mincolumnwidth=\dimen127
\c@newflo@tctr=\count109
\mem@margin@floatbox=\box26
\@contcwidth=\skip115
\@contindw=\skip116
\abovecaptionskip=\skip117
\belowcaptionskip=\skip118
\subfloattopskip=\skip119
\subfloatcapskip=\skip120
\subfloatcaptopadj=\skip121
\subfloatbottomskip=\skip122
\subfloatlabelskip=\skip123
\subfloatcapmargin=\dimen128
\c@@contsubnum=\count110
\m@mscap@capbox=\box27
\m@mscap@fbox=\box28
\sidecapsep=\dimen129
\sidecapwidth=\dimen130
\m@m@tempdima=\dimen131
\m@mscapraise=\dimen132
\sidecapraise=\dimen133
\m@mscapmainwidth=\dimen134
\m@mscaplkern=\dimen135
\beforeepigraphskip=\skip124
\afterepigraphskip=\skip125
\epigraphwidth=\skip126
\epigraphrule=\skip127
LaTeX Info: Redefining \em on input line 7578.
LaTeX Info: Redefining \emph on input line 7586.
\tocentryskip=\skip128
\tocbaseline=\skip129
\cftparskip=\skip130
\cftbeforebookskip=\skip131
\cftbookindent=\dimen136
\cftbooknumwidth=\dimen137
\cftbeforepartskip=\skip132
\cftpartindent=\skip133
\cftpartnumwidth=\skip134
\cftbeforechapterskip=\skip135
\cftchapterindent=\skip136
\cftchapternumwidth=\skip137
\cftbeforesectionskip=\skip138
\cftsectionindent=\skip139
\cftsectionnumwidth=\skip140
\cftbeforesubsectionskip=\skip141
\cftsubsectionindent=\skip142
\cftsubsectionnumwidth=\skip143
\cftbeforesubsubsectionskip=\skip144
\cftsubsubsectionindent=\skip145
\cftsubsubsectionnumwidth=\skip146
\cftbeforeparagraphskip=\skip147
\cftparagraphindent=\skip148
\cftparagraphnumwidth=\skip149
\cftbeforesubparagraphskip=\skip150
\cftsubparagraphindent=\skip151
\cftsubparagraphnumwidth=\skip152
\prechapterprecisshift=\dimen138
\c@maxsecnumdepth=\count111
\bibindent=\dimen139
\bibitemsep=\skip153
\indexcolsep=\skip154
\indexrule=\skip155
\indexmarkstyle=\toks18
\@indexbox=\insert199
\glossarycolsep=\dimen140
\glossaryrule=\dimen141
\sideparvshift=\skip156
\sideins=\insert198
\sidebartopsep=\skip157
\sidebarhsep=\skip158
\sidebarvsep=\skip159
\sidebarwidth=\skip160
\footmarkwidth=\skip161
\footmarksep=\skip162
\footparindent=\skip163
\footinsdim=\skip164
\footinsv@r=\insert197
\@mpfootinsv@r=\insert196
\m@m@k=\count112
\m@m@h=\dimen142
\m@mipn@skip=\skip165
\sidefootins=\insert195
\sidefootadjust=\skip166
\sidefootheight=\skip167
\sidefoothsep=\skip168
\sidefootvsep=\skip169
\sidefootwidth=\skip170
\m@mdownsf=\skip171
\c@sidefootnote=\count113
\sidefootmarkwidth=\skip172
\sidefootmarksep=\skip173
\sidefootparindent=\skip174
\c@pagenote=\count114
\c@pagenoteshadow=\count115
\mem@pn@lastkern=\skip175
\every@verbatim=\toks19
\afterevery@verbatim=\toks20
\verbatim@line=\toks21
\tab@position=\count116
\verbatim@in@stream=\read1
\verbatimindent=\skip176
\verbatim@out=\write3
\bvboxsep=\skip177
\c@memfbvline=\count117
\c@bvlinectr=\count118
\bvnumlength=\skip178
\fb@frw=\dimen143
\fb@frh=\dimen144
\FrameRule=\dimen145
\FrameSep=\dimen146
\c@cp@cntr=\count119
LaTeX Info: Redefining \: on input line 12100.
LaTeX Info: Redefining \! on input line 12102.
\c@ism@mctr=\count120
\c@xsm@mctr=\count121
\c@csm@mctr=\count122
\c@ksm@mctr=\count123
\c@xksm@mctr=\count124
\c@cksm@mctr=\count125
\c@msm@mctr=\count126
\c@xmsm@mctr=\count127
\c@cmsm@mctr=\count128
\c@bsm@mctr=\count129
\c@workm@mctr=\count130
\c@sheetsequence=\count131
\c@lastsheet=\count132
\c@lastpage=\count133
\c@figure=\count134
\c@lofdepth=\count135
\cftbeforefigureskip=\skip179
\cftfigureindent=\skip180
\cftfigurenumwidth=\skip181
\c@table=\count136
\c@lotdepth=\count137
\cftbeforetableskip=\skip182
\cfttableindent=\skip183
\cfttablenumwidth=\skip184
Package abstract [2008/07/23] emulated by memoir.
Package appendix [2008/07/23] emulated by memoir.
Package array [2016/10/06] emulated by memoir.
Package booktabs [2016/05/16] emulated by memoir.
Package ccaption [2008/07/23] emulated by memoir.
Package changepage [2008/07/23] emulated by memoir.
Package chngcntr [2008/07/23] emulated by memoir.
Package chngpage [2008/07/23] emulated by memoir.
Package crop emulated by memoir.
Package dcolumn [2008/07/23] emulated by memoir.
Package delarray [2014/10/28] emulated by memoir.
Package enumerate [2008/07/23] emulated by memoir.
Package epigraph [2008/07/23] emulated by memoir.
Package ifmtarg [2008/07/23] emulated by memoir.
Package index [2008/07/23] emulated by memoir.
Package makeidx [2008/07/23] emulated by memoir.
Package moreverb [2008/07/23] emulated by memoir.
Package mparhack [2008/07/23] emulated by memoir.
Package needspace [2008/07/23] emulated by memoir.
Package newfile [2008/07/23] emulated by memoir.
Package nextpage [2008/07/23] emulated by memoir.
Package pagenote [2008/07/23] emulated by memoir.
Package parskip [2008/07/23] emulated by memoir.
Package patchcmd [2008/07/23] emulated by memoir.
Package setspace [2008/07/23] emulated by memoir.
Package shortvrb [2008/07/23] emulated by memoir.
Package showidx [2008/07/23] emulated by memoir.
Package tabularx [2016/02/03] emulated by memoir.
Package titleref [2008/07/23] emulated by memoir.
Package titling [2008/07/23] emulated by memoir.
Package tocbibind [2008/07/23] emulated by memoir.
Package tocloft [2008/07/23] emulated by memoir.
Package tocvsec2 [2008/07/23] emulated by memoir.
Package verbatim [2008/07/23] emulated by memoir.
Package verse [2008/07/23] emulated by memoir.
)
("C:\Users\ltsam\AppData\Local\Programs\MiKTeX 2.9\tex\latex\textcase\textcase.
sty"
Package: textcase 2004/10/07 v0.07 Text only upper/lower case changing (DPC)
LaTeX Info: Redefining \MakeTextUppercase on input line 47.
LaTeX Info: Redefining \MakeTextLowercase on input line 50.
)
("C:\Users\ltsam\AppData\Local\Programs\MiKTeX 2.9\tex\latex\hyperref\hyperref.
sty"
Package: hyperref 2018/02/06 v6.86b Hypertext links for LaTeX

("C:\Users\ltsam\AppData\Local\Programs\MiKTeX 2.9\tex\generic\oberdiek\hobsub-
hyperref.sty"
Package: hobsub-hyperref 2016/05/16 v1.14 Bundle oberdiek, subset hyperref (HO)


("C:\Users\ltsam\AppData\Local\Programs\MiKTeX 2.9\tex\generic\oberdiek\hobsub-
generic.sty"
Package: hobsub-generic 2016/05/16 v1.14 Bundle oberdiek, subset generic (HO)
Package: hobsub 2016/05/16 v1.14 Construct package bundles (HO)
Package: infwarerr 2016/05/16 v1.4 Providing info/warning/error messages (HO)
Package: ltxcmds 2016/05/16 v1.23 LaTeX kernel commands for general use (HO)
Package hobsub Info: Skipping package `ifluatex' (already loaded).
Package: ifvtex 2016/05/16 v1.6 Detect VTeX and its facilities (HO)
Package ifvtex Info: VTeX not detected.
Package: intcalc 2016/05/16 v1.2 Expandable calculations with integers (HO)
Package hobsub Info: Skipping package `ifpdf' (already loaded).
Package: etexcmds 2016/05/16 v1.6 Avoid name clashes with e-TeX commands (HO)
Package etexcmds Info: Could not find \expanded.
(etexcmds)             That can mean that you are not using pdfTeX 1.50 or
(etexcmds)             that some package has redefined \expanded.
(etexcmds)             In the latter case, load this package earlier.
Package: kvsetkeys 2016/05/16 v1.17 Key value parser (HO)
Package: kvdefinekeys 2016/05/16 v1.4 Define keys (HO)
Package: pdftexcmds 2018/01/30 v0.27 Utility functions of pdfTeX for LuaTeX (HO
)
Package pdftexcmds Info: LuaTeX not detected.
Package pdftexcmds Info: \pdf@primitive is available.
Package pdftexcmds Info: \pdf@ifprimitive is available.
Package pdftexcmds Info: \pdfdraftmode found.
Package: pdfescape 2016/05/16 v1.14 Implements pdfTeX's escape features (HO)
Package: bigintcalc 2016/05/16 v1.4 Expandable calculations on big integers (HO
)
Package: bitset 2016/05/16 v1.2 Handle bit-vector datatype (HO)
Package: uniquecounter 2016/05/16 v1.3 Provide unlimited unique counter (HO)
)
Package hobsub Info: Skipping package `hobsub' (already loaded).
Package: letltxmacro 2016/05/16 v1.5 Let assignment for LaTeX macros (HO)
Package: hopatch 2016/05/16 v1.3 Wrapper for package hooks (HO)
Package: xcolor-patch 2016/05/16 xcolor patch
Package: atveryend 2016/05/16 v1.9 Hooks at the very end of document (HO)
Package atveryend Info: \enddocument detected (standard20110627).
Package: atbegshi 2016/06/09 v1.18 At begin shipout hook (HO)
Package: refcount 2016/05/16 v3.5 Data extraction from label references (HO)
Package: hycolor 2016/05/16 v1.8 Color options for hyperref/bookmark (HO)
)
("C:\Users\ltsam\AppData\Local\Programs\MiKTeX 2.9\tex\latex\graphics\keyval.st
y"
Package: keyval 2014/10/28 v1.15 key=value parser (DPC)
\KV@toks@=\toks22
)
("C:\Users\ltsam\AppData\Local\Programs\MiKTeX 2.9\tex\latex\oberdiek\auxhook.s
ty"
Package: auxhook 2016/05/16 v1.4 Hooks for auxiliary files (HO)
)
("C:\Users\ltsam\AppData\Local\Programs\MiKTeX 2.9\tex\latex\oberdiek\kvoptions
.sty"
Package: kvoptions 2016/05/16 v3.12 Key value format for package options (HO)
)
\@linkdim=\dimen147
\Hy@linkcounter=\count138
\Hy@pagecounter=\count139

("C:\Users\ltsam\AppData\Local\Programs\MiKTeX 2.9\tex\latex\hyperref\pd1enc.de
f"
File: pd1enc.def 2018/02/06 v6.86b Hyperref: PDFDocEncoding definition (HO)
Now handling font encoding PD1 ...
... no UTF-8 mapping file for font encoding PD1
)
\Hy@SavedSpaceFactor=\count140

("C:\Users\ltsam\AppData\Local\Programs\MiKTeX 2.9\tex\latex\00miktex\hyperref.
cfg"
File: hyperref.cfg 2002/06/06 v1.2 hyperref configuration of TeXLive
)
Package hyperref Info: Hyper figures OFF on input line 4509.
Package hyperref Info: Link nesting OFF on input line 4514.
Package hyperref Info: Hyper index ON on input line 4517.
Package hyperref Info: Plain pages OFF on input line 4524.
Package hyperref Info: Backreferencing OFF on input line 4529.
Package hyperref Info: Implicit mode ON; LaTeX internals redefined.
Package hyperref Info: Bookmarks ON on input line 4762.
\c@Hy@tempcnt=\count141
 ("C:\Users\ltsam\AppData\Local\Programs\MiKTeX 2.9\tex\latex\url\url.sty"
\Urlmuskip=\muskip10
Package: url 2013/09/16  ver 3.4  Verb mode for urls, etc.
)
LaTeX Info: Redefining \url on input line 5115.
\XeTeXLinkMargin=\dimen148
\Fld@menulength=\count142
\Field@Width=\dimen149
\Fld@charsize=\dimen150
Package hyperref Info: Hyper figures OFF on input line 6369.
Package hyperref Info: Link nesting OFF on input line 6374.
Package hyperref Info: Hyper index ON on input line 6377.
Package hyperref Info: backreferencing OFF on input line 6384.
Package hyperref Info: Link coloring OFF on input line 6389.
Package hyperref Info: Link coloring with OCG OFF on input line 6394.
Package hyperref Info: PDF/A mode OFF on input line 6399.
LaTeX Info: Redefining \ref on input line 6439.
LaTeX Info: Redefining \pageref on input line 6443.
\Hy@abspage=\count143
\c@Item=\count144
\c@Hfootnote=\count145
)
("C:\Users\ltsam\AppData\Local\Programs\MiKTeX 2.9\tex\latex\memoir\memhfixc.st
y"
Package: memhfixc 2013/05/30 v1.17 nameref/hyperref package fixes for memoir cl
ass
\c@memhycontfloat=\count146
\c@Hpagenote=\count147
)
Package hyperref Info: Driver (autodetected): hpdftex.

("C:\Users\ltsam\AppData\Local\Programs\MiKTeX 2.9\tex\latex\hyperref\hpdftex.d
ef"
File: hpdftex.def 2018/02/06 v6.86b Hyperref driver for pdfTeX
\Fld@listcount=\count148
\c@bookmark@seq@number=\count149

("C:\Users\ltsam\AppData\Local\Programs\MiKTeX 2.9\tex\latex\oberdiek\rerunfile
check.sty"
Package: rerunfilecheck 2016/05/16 v1.8 Rerun checks for auxiliary files (HO)
Package uniquecounter Info: New unique counter `rerunfilecheck' on input line 2
82.
)
\Hy@SectionHShift=\skip185
)
("C:\Users\ltsam\AppData\Local\Programs\MiKTeX 2.9\tex\latex\oberdiek\bookmark.
sty"
Package: bookmark 2016/05/17 v1.26 PDF bookmarks (HO)

("C:\Users\ltsam\AppData\Local\Programs\MiKTeX 2.9\tex\latex\oberdiek\bkm-pdfte
x.def"
File: bkm-pdftex.def 2016/05/17 v1.26 bookmark driver for pdfTeX (HO)
\BKM@id=\count150
))
("C:\Users\ltsam\AppData\Local\Programs\MiKTeX 2.9\tex\generic\babel\babel.sty"
Package: babel 2018/06/05 3.22 The Babel package
("C:\Users\ltsam\AppData\Local\Programs\MiKTeX 2.9\tex\generic\babel\switch.def
"
File: switch.def 2018/06/05 3.22 Babel switching mechanism
)
*************************************
* Local config file bblopts.cfg used
*
("C:\Users\ltsam\AppData\Local\Programs\MiKTeX 2.9\tex\latex\arabi\bblopts.cfg"
File: bblopts.cfg 2005/09/08 v0.1 add Arabic and Farsi to "declared" options of
 babel
)
("C:\Users\ltsam\AppData\Local\Programs\MiKTeX 2.9\tex\latex\babel-english\engl
ish.ldf"
Language: english 2017/06/06 v3.3r English support from the babel system

("C:\Users\ltsam\AppData\Local\Programs\MiKTeX 2.9\tex\generic\babel\babel.def"
File: babel.def 2018/06/05 3.22 Babel common definitions
\babel@savecnt=\count151
\U@D=\dimen151

("C:\Users\ltsam\AppData\Local\Programs\MiKTeX 2.9\tex\generic\babel\txtbabel.d
ef")
\bbl@dirlevel=\count152
)
\l@canadian = a dialect from \language\l@american 
\l@australian = a dialect from \language\l@british 
\l@newzealand = a dialect from \language\l@british 
)
("C:\Users\ltsam\AppData\Local\Programs\MiKTeX 2.9\tex\generic\babel-french\fre
nch.ldf"
Language: french 2018/04/12 v3.4d French support from the babel system
\l@acadian = a dialect from \language\l@french 
\FB@nonchar=\count153
Package babel Info: Making : an active character on input line 415.
Package babel Info: Making ; an active character on input line 416.
Package babel Info: Making ! an active character on input line 417.
Package babel Info: Making ? an active character on input line 418.
\FBguill@level=\count154
\FB@everypar=\toks23
\FB@Mht=\dimen152
\mc@charclass=\count155
\mc@charfam=\count156
\mc@charslot=\count157
\std@mcc=\count158
\dec@mcc=\count159
\c@FBcaption@count=\count160
\listindentFB=\skip186
\descindentFB=\skip187
\labelwidthFB=\skip188
\leftmarginFB=\skip189
\parindentFFN=\dimen153
\FBfnindent=\skip190
)
("C:\Users\ltsam\AppData\Local\Programs\MiKTeX 2.9\tex\latex\babel-spanish\span
ish.ldf"
Language: spanish.ldf 2016/03/03 v5.0p Spanish support from the babel system
\es@quottoks=\toks24
\es@quotdepth=\count161
Package babel Info: Making " an active character on input line 561.
Package babel Info: Making . an active character on input line 662.
Package babel Info: Making < an active character on input line 707.
Package babel Info: Making > an active character on input line 707.
)
("C:\Users\ltsam\AppData\Local\Programs\MiKTeX 2.9\tex\latex\babel-portuges\por
tuges.ldf"
Language: portuges 2008/03/18 v1.2q Portuguese support from the babel system
\l@brazil = a dialect from \language\l@portuges 
))
("C:\Users\ltsam\AppData\Local\Programs\MiKTeX 2.9\tex\latex\carlisle\scalefnt.
sty")
("C:\Users\ltsam\AppData\Local\Programs\MiKTeX 2.9\tex\latex\enumitem\enumitem.
sty"
Package: enumitem 2011/09/28 v3.5.2 Customized lists
\labelindent=\skip191
\enit@outerparindent=\dimen154
\enit@toks=\toks25
\enit@inbox=\box29
\enitdp@description=\count162
)
("C:\Users\ltsam\AppData\Local\Programs\MiKTeX 2.9\tex\latex\tools\calc.sty"
Package: calc 2017/05/25 v4.3 Infix arithmetic (KKT,FJ)
\calc@Acount=\count163
\calc@Bcount=\count164
\calc@Adimen=\dimen155
\calc@Bdimen=\dimen156
\calc@Askip=\skip192
\calc@Bskip=\skip193
LaTeX Info: Redefining \setlength on input line 80.
LaTeX Info: Redefining \addtolength on input line 81.
\calc@Ccount=\count165
\calc@Cskip=\skip194
)

******************************************************
Stock height and width: 845.04684pt by 597.50787pt
Top and edge trims: 0pt and 0pt
Page height and width: 845.04684pt by 597.50787pt
Text height and width: 708pt by 455pt
Spine and edge margins: 85.35826pt and 56.9055pt
Upper and lower margins: 85.35826pt and 51.68858pt
Headheight and headsep: 14.5pt and 19.8738pt
Footskip: 30pt
Columnsep and columnseprule: 10pt and 0pt
Marginparsep and marginparwidth: 7pt and 42.9055pt
Sidecapsep and sidecapwidth: 7pt and 92pt
Sidebarhsep and sidebarwidth: 7pt and 92pt
Sidebarvsep and sidebartopsep: 14.5pt and 0pt
Sidebarheight: 590.14995pt
Sidefoothsep and sidefootwidth: 7pt and 92pt
Sidefootvsep and sidefootheight: 14.5pt and 590.14995pt
******************************************************

\c@abntex@bookmarkcounter=\count166
\cftlastnumwidth=\skip256
\chapternamenumlength=\skip257
\ABNTEXcitacaorecuo=\skip258
\c@alineasi=\count167
\c@alineasii=\count168
\enitdp@alineas=\count169
\c@subalineasi=\count170
\enitdp@subalineas=\count171
\c@incisosi=\count172
\enitdp@incisos=\count173
\ABNTEXsignwidth=\skip259
\ABNTEXsignthickness=\skip260
\ABNTEXsignskip=\skip261
) ("C:\Users\ltsam\AppData\Local\Programs\MiKTeX 2.9\tex\latex\lm\lmodern.sty"
Package: lmodern 2009/10/30 v1.6 Latin Modern Fonts
LaTeX Font Info:    Overwriting symbol font `operators' in version `normal'
(Font)                  OT1/cmr/m/n --> OT1/lmr/m/n on input line 22.
LaTeX Font Info:    Overwriting symbol font `letters' in version `normal'
(Font)                  OML/cmm/m/it --> OML/lmm/m/it on input line 23.
LaTeX Font Info:    Overwriting symbol font `symbols' in version `normal'
(Font)                  OMS/cmsy/m/n --> OMS/lmsy/m/n on input line 24.
LaTeX Font Info:    Overwriting symbol font `largesymbols' in version `normal'
(Font)                  OMX/cmex/m/n --> OMX/lmex/m/n on input line 25.
LaTeX Font Info:    Overwriting symbol font `operators' in version `bold'
(Font)                  OT1/cmr/bx/n --> OT1/lmr/bx/n on input line 26.
LaTeX Font Info:    Overwriting symbol font `letters' in version `bold'
(Font)                  OML/cmm/b/it --> OML/lmm/b/it on input line 27.
LaTeX Font Info:    Overwriting symbol font `symbols' in version `bold'
(Font)                  OMS/cmsy/b/n --> OMS/lmsy/b/n on input line 28.
LaTeX Font Info:    Overwriting symbol font `largesymbols' in version `bold'
(Font)                  OMX/cmex/m/n --> OMX/lmex/m/n on input line 29.
LaTeX Font Info:    Overwriting math alphabet `\mathbf' in version `normal'
(Font)                  OT1/cmr/bx/n --> OT1/lmr/bx/n on input line 31.
LaTeX Font Info:    Overwriting math alphabet `\mathsf' in version `normal'
(Font)                  OT1/cmss/m/n --> OT1/lmss/m/n on input line 32.
LaTeX Font Info:    Overwriting math alphabet `\mathit' in version `normal'
(Font)                  OT1/cmr/m/it --> OT1/lmr/m/it on input line 33.
LaTeX Font Info:    Overwriting math alphabet `\mathtt' in version `normal'
(Font)                  OT1/cmtt/m/n --> OT1/lmtt/m/n on input line 34.
LaTeX Font Info:    Overwriting math alphabet `\mathbf' in version `bold'
(Font)                  OT1/cmr/bx/n --> OT1/lmr/bx/n on input line 35.
LaTeX Font Info:    Overwriting math alphabet `\mathsf' in version `bold'
(Font)                  OT1/cmss/bx/n --> OT1/lmss/bx/n on input line 36.
LaTeX Font Info:    Overwriting math alphabet `\mathit' in version `bold'
(Font)                  OT1/cmr/bx/it --> OT1/lmr/bx/it on input line 37.
LaTeX Font Info:    Overwriting math alphabet `\mathtt' in version `bold'
(Font)                  OT1/cmtt/m/n --> OT1/lmtt/m/n on input line 38.
) ("C:\Users\ltsam\AppData\Local\Programs\MiKTeX 2.9\tex\latex\base\fontenc.sty
"
Package: fontenc 2017/04/05 v2.0i Standard LaTeX package
("C:\Users\ltsam\AppData\Local\Programs\MiKTeX 2.9\tex\latex\base\t1enc.def"
File: t1enc.def 2017/04/05 v2.0i Standard LaTeX file
LaTeX Font Info:    Redeclaring font encoding T1 on input line 48.
))
("C:\Users\ltsam\AppData\Local\Programs\MiKTeX 2.9\tex\latex\amsmath\amsmath.st
y"
Package: amsmath 2017/09/02 v2.17a AMS math features
\@mathmargin=\skip262

For additional information on amsmath, use the `?' option.

("C:\Users\ltsam\AppData\Local\Programs\MiKTeX 2.9\tex\latex\amsmath\amstext.st
y"
Package: amstext 2000/06/29 v2.01 AMS text

("C:\Users\ltsam\AppData\Local\Programs\MiKTeX 2.9\tex\latex\amsmath\amsgen.sty
"
File: amsgen.sty 1999/11/30 v2.0 generic functions
\@emptytoks=\toks26
\ex@=\dimen157
))
("C:\Users\ltsam\AppData\Local\Programs\MiKTeX 2.9\tex\latex\amsmath\amsbsy.sty
"
Package: amsbsy 1999/11/29 v1.2d Bold Symbols
\pmbraise@=\dimen158
)
("C:\Users\ltsam\AppData\Local\Programs\MiKTeX 2.9\tex\latex\amsmath\amsopn.sty
"
Package: amsopn 2016/03/08 v2.02 operator names
)
\inf@bad=\count174
LaTeX Info: Redefining \frac on input line 213.
\uproot@=\count175
\leftroot@=\count176
LaTeX Info: Redefining \overline on input line 375.
\classnum@=\count177
\DOTSCASE@=\count178
LaTeX Info: Redefining \ldots on input line 472.
LaTeX Info: Redefining \dots on input line 475.
LaTeX Info: Redefining \cdots on input line 596.
\Mathstrutbox@=\box30
\strutbox@=\box31
\big@size=\dimen159
LaTeX Font Info:    Redeclaring font encoding OML on input line 712.
LaTeX Font Info:    Redeclaring font encoding OMS on input line 713.
\macc@depth=\count179
\c@MaxMatrixCols=\count180
\dotsspace@=\muskip11
\c@parentequation=\count181
\dspbrk@lvl=\count182
\tag@help=\toks27
\row@=\count183
\column@=\count184
\maxfields@=\count185
\andhelp@=\toks28
\eqnshift@=\dimen160
\alignsep@=\dimen161
\tagshift@=\dimen162
\tagwidth@=\dimen163
\totwidth@=\dimen164
\lineht@=\dimen165
\@envbody=\toks29
\multlinegap=\skip263
\multlinetaggap=\skip264
\mathdisplay@stack=\toks30
LaTeX Info: Redefining \[ on input line 2817.
LaTeX Info: Redefining \] on input line 2818.
)
("C:\Users\ltsam\AppData\Local\Programs\MiKTeX 2.9\tex\latex\base\inputenc.sty"
Package: inputenc 2018/04/06 v1.3b Input encoding file
\inpenc@prehook=\toks31
\inpenc@posthook=\toks32
)
("C:\Users\ltsam\AppData\Local\Programs\MiKTeX 2.9\tex\latex\lastpage\lastpage.
sty"
Package: lastpage 2015/03/29 v1.2m Refers to last page's name (HMM; JPG)
)
("C:\Users\ltsam\AppData\Local\Programs\MiKTeX 2.9\tex\latex\tools\indentfirst.
sty"
Package: indentfirst 1995/11/23 v1.03 Indent first paragraph (DPC)
)
("C:\Users\ltsam\AppData\Local\Programs\MiKTeX 2.9\tex\latex\graphics\color.sty
"
Package: color 2016/07/10 v1.1e Standard LaTeX Color (DPC)

("C:\Users\ltsam\AppData\Local\Programs\MiKTeX 2.9\tex\latex\graphics-cfg\color
.cfg"
File: color.cfg 2016/01/02 v1.6 sample color configuration
)
Package color Info: Driver file: pdftex.def on input line 147.

("C:\Users\ltsam\AppData\Local\Programs\MiKTeX 2.9\tex\latex\graphics-def\pdfte
x.def"
File: pdftex.def 2018/01/08 v1.0l Graphics/color driver for pdftex
))
("C:\Users\ltsam\AppData\Local\Programs\MiKTeX 2.9\tex\latex\graphics\graphicx.
sty"
Package: graphicx 2017/06/01 v1.1a Enhanced LaTeX Graphics (DPC,SPQR)

("C:\Users\ltsam\AppData\Local\Programs\MiKTeX 2.9\tex\latex\graphics\graphics.
sty"
Package: graphics 2017/06/25 v1.2c Standard LaTeX Graphics (DPC,SPQR)

("C:\Users\ltsam\AppData\Local\Programs\MiKTeX 2.9\tex\latex\graphics\trig.sty"
Package: trig 2016/01/03 v1.10 sin cos tan (DPC)
)
("C:\Users\ltsam\AppData\Local\Programs\MiKTeX 2.9\tex\latex\graphics-cfg\graph
ics.cfg"
File: graphics.cfg 2016/06/04 v1.11 sample graphics configuration
)
Package graphics Info: Driver file: pdftex.def on input line 99.
)
\Gin@req@height=\dimen166
\Gin@req@width=\dimen167
)
("C:\Users\ltsam\AppData\Local\Programs\MiKTeX 2.9\tex\latex\microtype\microtyp
e.sty"
Package: microtype 2018/01/14 v2.7a Micro-typographical refinements (RS)
\MT@toks=\toks33
\MT@count=\count186
LaTeX Info: Redefining \textls on input line 793.
\MT@outer@kern=\dimen168
LaTeX Info: Redefining \textmicrotypecontext on input line 1339.
\MT@listname@count=\count187

("C:\Users\ltsam\AppData\Local\Programs\MiKTeX 2.9\tex\latex\microtype\microtyp
e-pdftex.def"
File: microtype-pdftex.def 2018/01/14 v2.7a Definitions specific to pdftex (RS)

LaTeX Info: Redefining \lsstyle on input line 913.
LaTeX Info: Redefining \lslig on input line 913.
\MT@outer@space=\skip265
)
Package microtype Info: Loading configuration file microtype.cfg.

("C:\Users\ltsam\AppData\Local\Programs\MiKTeX 2.9\tex\latex\microtype\microtyp
e.cfg"
File: microtype.cfg 2018/01/14 v2.7a microtype main configuration file (RS)
))
("C:\Users\ltsam\AppData\Local\Programs\MiKTeX 2.9\tex\latex\hyperref\backref.s
ty"
Package: backref 2016/05/21 v1.39 Bibliographical back referencing
)
("C:\Users\ltsam\AppData\Local\Programs\MiKTeX 2.9\tex\latex\abntex2\abntex2cit
e.sty"
Package: abntex2cite 2016/02/26 v-1.9.6 abnTeX2

("C:\Users\ltsam\AppData\Local\Programs\MiKTeX 2.9\tex\latex\abntex2\abntex2abr
ev.sty")
\minimumbiblabelwidth=\skip266
\ABCIauxlen=\skip267
\c@ABCIaux=\count188
\c@ABCImax=\count189

("C:\Users\ltsam\AppData\Local\Programs\MiKTeX 2.9\tex\latex\relsize\relsize.st
y"
Package: relsize 2013/03/29 ver 4.1
)
\biblabelsep=\skip268
LaTeX Info: Redefining \newblock on input line 591.
LaTeX Info: Redefining \cite on input line 618.
\ABCItoken=\toks34
)
Package color Info: Redefining color blue on input line 109.
Package hyperref Info: Option `colorlinks' set `true' on input line 126.
\main@idxfile=\write4
\openout4 = `main.idx'.


Writing index file main.idx 
(main.aux

LaTeX Warning: Label `ABD_definition' multiply defined.


LaTeX Warning: Label `ABD_definition' multiply defined.

)
\openout1 = `main.aux'.

LaTeX Font Info:    Checking defaults for OML/cmm/m/it on input line 149.
LaTeX Font Info:    ... okay on input line 149.
LaTeX Font Info:    Checking defaults for T1/cmr/m/n on input line 149.
LaTeX Font Info:    ... okay on input line 149.
LaTeX Font Info:    Checking defaults for OT1/cmr/m/n on input line 149.
LaTeX Font Info:    ... okay on input line 149.
LaTeX Font Info:    Checking defaults for OMS/cmsy/m/n on input line 149.
LaTeX Font Info:    ... okay on input line 149.
LaTeX Font Info:    Checking defaults for OMX/cmex/m/n on input line 149.
LaTeX Font Info:    ... okay on input line 149.
LaTeX Font Info:    Checking defaults for U/cmr/m/n on input line 149.
LaTeX Font Info:    ... okay on input line 149.
LaTeX Font Info:    Checking defaults for PD1/pdf/m/n on input line 149.
LaTeX Font Info:    ... okay on input line 149.
LaTeX Font Info:    Try loading font information for T1+lmr on input line 149.
 ("C:\Users\ltsam\AppData\Local\Programs\MiKTeX 2.9\tex\latex\lm\t1lmr.fd"
File: t1lmr.fd 2009/10/30 v1.6 Font defs for Latin Modern
)
\AtBeginShipoutBox=\box32
Package hyperref Info: Link coloring ON on input line 149.

("C:\Users\ltsam\AppData\Local\Programs\MiKTeX 2.9\tex\latex\hyperref\nameref.s
ty"
Package: nameref 2016/05/21 v2.44 Cross-referencing by name of section

("C:\Users\ltsam\AppData\Local\Programs\MiKTeX 2.9\tex\generic\oberdiek\gettitl
estring.sty"
Package: gettitlestring 2016/05/16 v1.5 Cleanup title references (HO)
)
\c@section@level=\count190
)
Redoing nameref's sectioning
Redoing nameref's label
LaTeX Info: Redefining \nameref on input line 149.
LaTeX Info: Redefining \ref on input line 149.
LaTeX Info: Redefining \pageref on input line 149.
LaTeX Info: Redefining \nameref on input line 149.
LaTeX Info: Redefining \degres on input line 149.
LaTeX Info: Redefining \dots on input line 149.
LaTeX Info: Redefining \up on input line 149.
\myptabbox=\box33
\myptabboxwidth=\skip269
Package lastpage Info: Please have a look at the pageslts package at
(lastpage)             https://www.ctan.org/pkg/pageslts
(lastpage)             ! on input line 149.

("C:\Users\ltsam\AppData\Local\Programs\MiKTeX 2.9\tex\context\base\supp-pdf.mk
ii"
[Loading MPS to PDF converter (version 2006.09.02).]
\scratchcounter=\count191
\scratchdimen=\dimen169
\scratchbox=\box34
\nofMPsegments=\count192
\nofMParguments=\count193
\everyMPshowfont=\toks35
\MPscratchCnt=\count194
\MPscratchDim=\dimen170
\MPnumerator=\count266
\makeMPintoPDFobject=\count267
\everyMPtoPDFconversion=\toks36
)
("C:\Users\ltsam\AppData\Local\Programs\MiKTeX 2.9\tex\latex\oberdiek\epstopdf-
base.sty"
Package: epstopdf-base 2016/05/15 v2.6 Base part for package epstopdf

("C:\Users\ltsam\AppData\Local\Programs\MiKTeX 2.9\tex\latex\oberdiek\grfext.st
y"
Package: grfext 2016/05/16 v1.2 Manage graphics extensions (HO)
)
Package epstopdf-base Info: Redefining graphics rule for `.eps' on input line 4
38.
Package grfext Info: Graphics extension search list:
(grfext)             [.pdf,.png,.jpg,.mps,.jpeg,.jbig2,.jb2,.PDF,.PNG,.JPG,.JPE
G,.JBIG2,.JB2,.eps]
(grfext)             \AppendGraphicsExtensions on input line 456.
)
LaTeX Info: Redefining \microtypecontext on input line 149.
Package microtype Info: Generating PDF output.
Package microtype Info: Character protrusion enabled (level 2).
Package microtype Info: Using default protrusion set `alltext'.
Package microtype Info: Automatic font expansion enabled (level 2),
(microtype)             stretch: 20, shrink: 20, step: 1, non-selected.
Package microtype Info: Using default expansion set `basictext'.
Package microtype Info: No adjustment of tracking.
Package microtype Info: No adjustment of interword spacing.
Package microtype Info: No adjustment of character kerning.

("C:\Users\ltsam\AppData\Local\Programs\MiKTeX 2.9\tex\latex\microtype\mt-cmr.c
fg"
File: mt-cmr.cfg 2013/05/19 v2.2 microtype config. file: Computer Modern Roman 
(RS)
)
LaTeX Font Info:    Try loading font information for T1+lmss on input line 166.

 ("C:\Users\ltsam\AppData\Local\Programs\MiKTeX 2.9\tex\latex\lm\t1lmss.fd"
File: t1lmss.fd 2009/10/30 v1.6 Font defs for Latin Modern
)
Package microtype Info: Loading generic protrusion settings for font family
(microtype)             `lmss' (encoding: T1).
(microtype)             For optimal results, create family-specific settings.
(microtype)             See the microtype manual for details.
 [1

{C:/Users/ltsam/AppData/Local/MiKTeX/2.9/pdftex/config/pdftex.map}]
[2

]
Underfull \hbox (badness 10000) in paragraph at lines 221--221

 []


Underfull \hbox (badness 10000) in paragraph at lines 221--221

 []


Underfull \hbox (badness 10000) in paragraph at lines 221--221

 []

LaTeX Font Info:    Try loading font information for OT1+lmr on input line 221.

("C:\Users\ltsam\AppData\Local\Programs\MiKTeX 2.9\tex\latex\lm\ot1lmr.fd"
File: ot1lmr.fd 2009/10/30 v1.6 Font defs for Latin Modern
)
LaTeX Font Info:    Try loading font information for OML+lmm on input line 221.


("C:\Users\ltsam\AppData\Local\Programs\MiKTeX 2.9\tex\latex\lm\omllmm.fd"
File: omllmm.fd 2009/10/30 v1.6 Font defs for Latin Modern
)
LaTeX Font Info:    Try loading font information for OMS+lmsy on input line 221
.

("C:\Users\ltsam\AppData\Local\Programs\MiKTeX 2.9\tex\latex\lm\omslmsy.fd"
File: omslmsy.fd 2009/10/30 v1.6 Font defs for Latin Modern
)
LaTeX Font Info:    Try loading font information for OMX+lmex on input line 221
.

("C:\Users\ltsam\AppData\Local\Programs\MiKTeX 2.9\tex\latex\lm\omxlmex.fd"
File: omxlmex.fd 2009/10/30 v1.6 Font defs for Latin Modern
)
LaTeX Font Info:    External font `lmex10' loaded for size
(Font)              <10> on input line 221.
LaTeX Font Info:    External font `lmex10' loaded for size
(Font)              <7> on input line 221.
LaTeX Font Info:    External font `lmex10' loaded for size
(Font)              <5> on input line 221.
pdfTeX warning (ext4): destination with the same identifier (name{page.1}) has 
been already used, duplicate ignored
<to be read again> 
                   \relax 
l.267 
       [1

]
LaTeX Font Info:    External font `lmex10' loaded for size
(Font)              <12> on input line 280.
LaTeX Font Info:    External font `lmex10' loaded for size
(Font)              <8> on input line 280.
LaTeX Font Info:    External font `lmex10' loaded for size
(Font)              <6> on input line 280.
pdfTeX warning (ext4): destination with the same identifier (name{page.2}) has 
been already used, duplicate ignored
<to be read again> 
                   \relax 
l.300 \end{folhadeaprovacao}
                             [2

] (texto/agradecimentos.tex [3


] [4

]) [5]
[6

] (texto/resumos.tex [7] [8

]) (texto/siglas.tex [9

] [10

]) (main.toc
Underfull \vbox (badness 2547) has occurred while \output is active []

 [11])
[12] (texto/objetivos.tex) (texto/introducao.tex [13


] [14

]
Underfull \vbox (badness 10000) has occurred while \output is active []

 [15])
(texto/materiaiscompostos.tex [16] [17

]
<figura/UseOfComposites.jpg, id=238, 350.05782pt x 213.04594pt>
File: figura/UseOfComposites.jpg Graphic file (type jpg)
<use figura/UseOfComposites.jpg>
Package pdftex.def Info: figura/UseOfComposites.jpg  used on input line 18.
(pdftex.def)             Requested size: 385.06477pt x 234.35124pt.

Underfull \vbox (badness 10000) has occurred while \output is active []

 [18 <./figura/UseOfComposites.jpg>] [19]
<figura/LaminateDeformation.jpg, id=267, 423.08063pt x 326.72063pt>
File: figura/LaminateDeformation.jpg Graphic file (type jpg)
<use figura/LaminateDeformation.jpg>
Package pdftex.def Info: figura/LaminateDeformation.jpg  used on input line 46.

(pdftex.def)             Requested size: 423.07959pt x 326.71982pt.
 [20 <./figura/LaminateDeformation.jpg>]
Underfull \vbox (badness 10000) has occurred while \output is active []

 [21]
Underfull \vbox (badness 4144) has occurred while \output is active []

 [22]
<figura/LaminateForcesMoments.jpg, id=303, 373.395pt x 210.7875pt>
File: figura/LaminateForcesMoments.jpg Graphic file (type jpg)
<use figura/LaminateForcesMoments.jpg>
Package pdftex.def Info: figura/LaminateForcesMoments.jpg  used on input line 1
64.
(pdftex.def)             Requested size: 373.39409pt x 210.78699pt.


LaTeX Warning: `h' float specifier changed to `ht'.


Underfull \vbox (badness 10000) has occurred while \output is active []

 [23]
[24 <./figura/LaminateForcesMoments.jpg>]
LaTeX Font Info:    Try loading font information for OMS+lmr on input line 266.


("C:\Users\ltsam\AppData\Local\Programs\MiKTeX 2.9\tex\latex\lm\omslmr.fd"
File: omslmr.fd 2009/10/30 v1.6 Font defs for Latin Modern
)
LaTeX Font Info:    Font shape `OMS/lmr/m/n' in size <12> not available
(Font)              Font shape `OMS/lmsy/m/n' tried instead on input line 266.

[25]
<figura/Stacking.jpg, id=340, 373.395pt x 123.46124pt>
File: figura/Stacking.jpg Graphic file (type jpg)
<use figura/Stacking.jpg>
Package pdftex.def Info: figura/Stacking.jpg  used on input line 276.
(pdftex.def)             Requested size: 373.39409pt x 123.46092pt.
 [26 <./figura/Stacking.jpg>]
Underfull \vbox (badness 10000) has occurred while \output is active []

 [27]
Underfull \vbox (badness 10000) has occurred while \output is active []

 [28]
<figura/Laminate.jpg, id=383, 352.31625pt x 140.77594pt>
File: figura/Laminate.jpg Graphic file (type jpg)
<use figura/Laminate.jpg>
Package pdftex.def Info: figura/Laminate.jpg  used on input line 391.
(pdftex.def)             Requested size: 352.31538pt x 140.77557pt.

[29]
Underfull \vbox (badness 2781) has occurred while \output is active []

 [30 <./figura/Laminate.jpg>]
<figura/BalancedLaminate.jpg, id=415, 429.85594pt x 167.87718pt>
File: figura/BalancedLaminate.jpg Graphic file (type jpg)
<use figura/BalancedLaminate.jpg>
Package pdftex.def Info: figura/BalancedLaminate.jpg  used on input line 458.
(pdftex.def)             Requested size: 429.85489pt x 167.87677pt.
 [31]) (texto/otimizacao.tex [32 <./figura/BalancedLaminate.jpg>]
Underfull \vbox (badness 1783) has occurred while \output is active []

 [33

]
Underfull \vbox (badness 1178) has occurred while \output is active []

 [34]
[35] [36]
<figura/KuhnTucker1.jpg, id=477, 282.30469pt x 247.67531pt>
File: figura/KuhnTucker1.jpg Graphic file (type jpg)
<use figura/KuhnTucker1.jpg>
Package pdftex.def Info: figura/KuhnTucker1.jpg  used on input line 113.
(pdftex.def)             Requested size: 200.43771pt x 175.8507pt.
 [37 <./figura/KuhnTucker1.jpg>]
<figura/KuhnTucker2.jpg, id=492, 261.97874pt x 168.63pt>
File: figura/KuhnTucker2.jpg Graphic file (type jpg)
<use figura/KuhnTucker2.jpg>
Package pdftex.def Info: figura/KuhnTucker2.jpg  used on input line 123.
(pdftex.def)             Requested size: 261.9781pt x 168.62958pt.
 [38 <./figura/KuhnTucker2.jpg>]
<figura/blackbox.jpg, id=503, 421.575pt x 98.61844pt>
File: figura/blackbox.jpg Graphic file (type jpg)
<use figura/blackbox.jpg>
Package pdftex.def Info: figura/blackbox.jpg  used on input line 142.
(pdftex.def)             Requested size: 295.10048pt x 69.03241pt.
<figura/Blackbox2.jpg, id=509, 428.35031pt x 231.11343pt>
File: figura/Blackbox2.jpg Graphic file (type jpg)
<use figura/Blackbox2.jpg>
Package pdftex.def Info: figura/Blackbox2.jpg  used on input line 156.
(pdftex.def)             Requested size: 299.84317pt x 161.77829pt.

[39 <./figura/blackbox.jpg>] [40 <./figura/Blackbox2.jpg>]
<figura/DesignProp.jpg, id=527, 666.99188pt x 882.29625pt>
File: figura/DesignProp.jpg Graphic file (type jpg)
<use figura/DesignProp.jpg>
Package pdftex.def Info: figura/DesignProp.jpg  used on input line 178.
(pdftex.def)             Requested size: 333.49512pt x 441.14705pt.

Underfull \vbox (badness 10000) has occurred while \output is active []

 [41 <./figura/DesignProp.jpg>]) (texto/metodologia.tex [42]
<figura/StiffenedPanel.jpg, id=549, 426.84468pt x 143.78719pt>
File: figura/StiffenedPanel.jpg Graphic file (type jpg)
<use figura/StiffenedPanel.jpg>
Package pdftex.def Info: figura/StiffenedPanel.jpg  used on input line 25.
(pdftex.def)             Requested size: 426.84364pt x 143.78683pt.


LaTeX Warning: `h' float specifier changed to `ht'.

[43

]
<figura/InitialBuckling.jpg, id=563, 271.76532pt x 258.21469pt>
File: figura/InitialBuckling.jpg Graphic file (type jpg)
<use figura/InitialBuckling.jpg>
Package pdftex.def Info: figura/InitialBuckling.jpg  used on input line 48.
(pdftex.def)             Requested size: 271.76465pt x 258.21405pt.


LaTeX Warning: `h' float specifier changed to `ht'.

<figura/PlotFarrar.jpg, id=570, 281.55188pt x 189.70876pt>
File: figura/PlotFarrar.jpg Graphic file (type jpg)
<use figura/PlotFarrar.jpg>
Package pdftex.def Info: figura/PlotFarrar.jpg  used on input line 74.
(pdftex.def)             Requested size: 281.55118pt x 189.70828pt.

LaTeX Warning: `h' float specifier changed to `ht'.

[44 <./figura/StiffenedPanel.jpg>] [45 <./figura/InitialBuckling.jpg> <./figura
/PlotFarrar.jpg>] [46]
<figura/PlotStiffener.jpg, id=606, 482.55281pt x 280.79906pt>
File: figura/PlotStiffener.jpg Graphic file (type jpg)
<use figura/PlotStiffener.jpg>
Package pdftex.def Info: figura/PlotStiffener.jpg  used on input line 151.
(pdftex.def)             Requested size: 482.55162pt x 280.79837pt.

Overfull \hbox (27.55162pt too wide) in paragraph at lines 151--152
 [][] 
 []

[47 <./figura/PlotStiffener.jpg>]
<figura/TangentModulus.jpg, id=625, 424.58624pt x 243.91125pt>
File: figura/TangentModulus.jpg Graphic file (type jpg)
<use figura/TangentModulus.jpg>
Package pdftex.def Info: figura/TangentModulus.jpg  used on input line 176.
(pdftex.def)             Requested size: 424.5852pt x 243.91064pt.


LaTeX Warning: `h' float specifier changed to `ht'.

<figura/StiffMetal.jpg, id=636, 550.30594pt x 322.95656pt>
File: figura/StiffMetal.jpg Graphic file (type jpg)
<use figura/StiffMetal.jpg>
Package pdftex.def Info: figura/StiffMetal.jpg  used on input line 203.
(pdftex.def)             Requested size: 385.21153pt x 226.06804pt.
[48 <./figura/TangentModulus.jpg>]
<figura/StiffMetalConst.jpg, id=647, 519.44063pt x 292.09125pt>
File: figura/StiffMetalConst.jpg Graphic file (type jpg)
<use figura/StiffMetalConst.jpg>
Package pdftex.def Info: figura/StiffMetalConst.jpg  used on input line 215.
(pdftex.def)             Requested size: 363.60596pt x 204.46246pt.


LaTeX Warning: `h' float specifier changed to `ht'.

<figura/StiffMetalLoad.jpg, id=649, 542.77782pt x 316.93407pt>
File: figura/StiffMetalLoad.jpg Graphic file (type jpg)
<use figura/StiffMetalLoad.jpg>
Package pdftex.def Info: figura/StiffMetalLoad.jpg  used on input line 226.
(pdftex.def)             Requested size: 379.94188pt x 221.85233pt.

LaTeX Warning: `h' float specifier changed to `ht'.

[49 <./figura/StiffMetal.jpg>] [50 <./figura/StiffMetalConst.jpg> <./figura/Sti
ffMetalLoad.jpg>]
<figura/StiffComposite.jpg, id=662, 746.03719pt x 343.2825pt>
File: figura/StiffComposite.jpg Graphic file (type jpg)
<use figura/StiffComposite.jpg>
Package pdftex.def Info: figura/StiffComposite.jpg  used on input line 252.
(pdftex.def)             Requested size: 522.22246pt x 240.2961pt.

Overfull \hbox (67.22246pt too wide) in paragraph at lines 252--253
 [][] 
 []

[51 <./figura/StiffComposite.jpg>]
<figura/StiffCompositeMaterial.jpg, id=669, 428.35031pt x 267.24844pt>
File: figura/StiffCompositeMaterial.jpg Graphic file (type jpg)
<use figura/StiffCompositeMaterial.jpg>
Package pdftex.def Info: figura/StiffCompositeMaterial.jpg  used on input line 
262.
(pdftex.def)             Requested size: 299.84317pt x 187.07263pt.

Underfull \vbox (badness 1990) has occurred while \output is active []

 [52 <./figura/StiffCompositeMaterial.jpg>]) (texto/resultados.tex [53] [54

]
Underfull \hbox (badness 10000) in paragraph at lines 12--13

 []


Underfull \hbox (badness 10000) in paragraph at lines 12--13

 []


Underfull \hbox (badness 10000) in paragraph at lines 17--20

 []


Underfull \hbox (badness 10000) in paragraph at lines 17--20

 []


Underfull \hbox (badness 10000) in paragraph at lines 24--25

 []


Underfull \hbox (badness 10000) in paragraph at lines 24--25

 []


Underfull \hbox (badness 10000) in paragraph at lines 29--30

 []


Underfull \hbox (badness 10000) in paragraph at lines 29--30

 []

[55]
<figura/Model_Metallic1.jpg, id=695, 477.28313pt x 218.31563pt>
File: figura/Model_Metallic1.jpg Graphic file (type jpg)
<use figura/Model_Metallic1.jpg>
Package pdftex.def Info: figura/Model_Metallic1.jpg  used on input line 46.
(pdftex.def)             Requested size: 477.28195pt x 218.31508pt.

Overfull \hbox (22.28195pt too wide) in paragraph at lines 46--47
 [][] 
 []


LaTeX Warning: `h' float specifier changed to `ht'.

[56 <./figura/Model_Metallic1.jpg>] [57]
<figura/Results_Metallic.jpg, id=710, 468.24937pt x 254.45062pt>
File: figura/Results_Metallic.jpg Graphic file (type jpg)
<use figura/Results_Metallic.jpg>
Package pdftex.def Info: figura/Results_Metallic.jpg  used on input line 103.
(pdftex.def)             Requested size: 398.01384pt x 216.28404pt.
<figura/Results2_Metallic.jpg, id=712, 562.35094pt x 231.86626pt>
File: figura/Results2_Metallic.jpg Graphic file (type jpg)
<use figura/Results2_Metallic.jpg>
Package pdftex.def Info: figura/Results2_Metallic.jpg  used on input line 112.
(pdftex.def)             Requested size: 478.00055pt x 197.08723pt.

Overfull \hbox (23.00055pt too wide) in paragraph at lines 112--113
 [][] 
 []


Underfull \vbox (badness 5652) has occurred while \output is active []

 [58 <./figura/Results_Metallic.jpg> <./figura/Results2_Metallic.jpg>]
<figura/Results_Composite.jpg, id=719, 493.845pt x 242.40562pt>
File: figura/Results_Composite.jpg Graphic file (type jpg)
<use figura/Results_Composite.jpg>
Package pdftex.def Info: figura/Results_Composite.jpg  used on input line 146.
(pdftex.def)             Requested size: 419.77022pt x 206.04573pt.
<figura/Results2_Composite.jpg, id=721, 596.98032pt x 246.1697pt>
File: figura/Results2_Composite.jpg Graphic file (type jpg)
<use figura/Results2_Composite.jpg>
Package pdftex.def Info: figura/Results2_Composite.jpg  used on input line 155.

(pdftex.def)             Requested size: 507.43565pt x 209.24521pt.

Overfull \hbox (52.43565pt too wide) in paragraph at lines 155--156
 [][] 
 []

[59 <./figura/Results_Composite.jpg>]) [60 <./figura/Results2_Composite.jpg>]
(texto/conclusoes.tex [61] [62

]) (main.bbl (main.brf)
\tf@brf=\write5
\openout5 = `main.brf'.

 [63] [64

]

Package hyperref Warning: Token not allowed in a PDF string (PDFDocEncoding):
(hyperref)                removing `\uppercase' on input line 3.

bibitemlist
) 
AED: lastpage setting LastPage
[65]
\tf@toc=\write6
\openout6 = `main.toc'.

Package atveryend Info: Empty hook `BeforeClearDocument' on input line 436.
Package atveryend Info: Empty hook `AfterLastShipout' on input line 436.
 (main.aux)
Package atveryend Info: Executing hook `AtVeryEndDocument' on input line 436.
Package atveryend Info: Executing hook `AtEndAfterFileList' on input line 436.
Package rerunfilecheck Info: File `main.brf' has not changed.
(rerunfilecheck)             Checksum: D998B3046FE681A0011C32A1EFF18604;2805.


LaTeX Warning: There were multiply-defined labels.

Package atveryend Info: Empty hook `AtVeryVeryEnd' on input line 436.
 )
(\end occurred inside a group at level 1)

### simple group (level 1) entered at line 117 ({)
### bottom level 
Here is how much of TeX's memory you used:
 14889 strings out of 492973
 227713 string characters out of 3126693
 401332 words of memory out of 3000000
 18078 multiletter control sequences out of 15000+200000
 108208 words of font info for 141 fonts, out of 3000000 for 9000
 1141 hyphenation exceptions out of 8191
 44i,17n,38p,1557b,637s stack positions out of 5000i,500n,10000p,200000b,50000s
{C:/Users/ltsam/AppData/Local/Programs/MiKTeX 2.9/fonts/enc/dvi
ps/lm/lm-ec.enc}{C:/Users/ltsam/AppData/Local/Programs/MiKTeX 2.9/fonts/enc/dvi
ps/lm/lm-rm.enc}{C:/Users/ltsam/AppData/Local/Programs/MiKTeX 2.9/fonts/enc/dvi
ps/lm/lm-mathsy.enc}{C:/Users/ltsam/AppData/Local/Programs/MiKTeX 2.9/fonts/enc
/dvips/lm/lm-mathit.enc}{C:/Users/ltsam/AppData/Local/Programs/MiKTeX 2.9/fonts
/enc/dvips/lm/lm-mathex.enc}<C:/Users/ltsam/AppData/Local/Programs/MiKTeX 2.9/f
onts/type1/public/lm/lmbx12.pfb><C:/Users/ltsam/AppData/Local/Programs/MiKTeX 2
.9/fonts/type1/public/lm/lmbxi10.pfb><C:/Users/ltsam/AppData/Local/Programs/MiK
TeX 2.9/fonts/type1/public/lm/lmex10.pfb><C:/Users/ltsam/AppData/Local/Programs
/MiKTeX 2.9/fonts/type1/public/lm/lmmi12.pfb><C:/Users/ltsam/AppData/Local/Prog
rams/MiKTeX 2.9/fonts/type1/public/lm/lmmi6.pfb><C:/Users/ltsam/AppData/Local/P
rograms/MiKTeX 2.9/fonts/type1/public/lm/lmmi8.pfb><C:/Users/ltsam/AppData/Loca
l/Programs/MiKTeX 2.9/fonts/type1/public/lm/lmr10.pfb><C:/Users/ltsam/AppData/L
ocal/Programs/MiKTeX 2.9/fonts/type1/public/lm/lmr12.pfb><C:/Users/ltsam/AppDat
a/Local/Programs/MiKTeX 2.9/fonts/type1/public/lm/lmr6.pfb><C:/Users/ltsam/AppD
ata/Local/Programs/MiKTeX 2.9/fonts/type1/public/lm/lmr8.pfb><C:/Users/ltsam/Ap
pData/Local/Programs/MiKTeX 2.9/fonts/type1/public/lm/lmri10.pfb><C:/Users/ltsa
m/AppData/Local/Programs/MiKTeX 2.9/fonts/type1/public/lm/lmri12.pfb><C:/Users/
ltsam/AppData/Local/Programs/MiKTeX 2.9/fonts/type1/public/lm/lmri8.pfb><C:/Use
rs/ltsam/AppData/Local/Programs/MiKTeX 2.9/fonts/type1/public/lm/lmss10.pfb><C:
/Users/ltsam/AppData/Local/Programs/MiKTeX 2.9/fonts/type1/public/lm/lmss12.pfb
><C:/Users/ltsam/AppData/Local/Programs/MiKTeX 2.9/fonts/type1/public/lm/lmss17
.pfb><C:/Users/ltsam/AppData/Local/Programs/MiKTeX 2.9/fonts/type1/public/lm/lm
ssbx10.pfb><C:/Users/ltsam/AppData/Local/Programs/MiKTeX 2.9/fonts/type1/public
/lm/lmsy10.pfb><C:/Users/ltsam/AppData/Local/Programs/MiKTeX 2.9/fonts/type1/pu
blic/lm/lmsy6.pfb><C:/Users/ltsam/AppData/Local/Programs/MiKTeX 2.9/fonts/type1
/public/lm/lmsy8.pfb>
Output written on main.pdf (67 pages, 1896453 bytes).
PDF statistics:
 1095 PDF objects out of 1200 (max. 8388607)
 251 named destinations out of 1000 (max. 500000)
 32331 words of extra memory for PDF output out of 35830 (max. 10000000)

